<html>
<head>
<title>TestNG:  Default test(failed)</title>
<link href="../testng.css" rel="stylesheet" type="text/css" />
<link href="../my-testng.css" rel="stylesheet" type="text/css" />

<style type="text/css">
.log { display: none;} 
.stack-trace { display: none;} 
</style>
<script type="text/javascript">
<!--
function flip(e) {
  current = e.style.display;
  if (current == 'block') {
    e.style.display = 'none';
    return 0;
  }
  else {
    e.style.display = 'block';
    return 1;
  }
}

function toggleBox(szDivId, elem, msg1, msg2)
{
  var res = -1;  if (document.getElementById) {
    res = flip(document.getElementById(szDivId));
  }
  else if (document.all) {
    // this is the way old msie versions work
    res = flip(document.all[szDivId]);
  }
  if(elem) {
    if(res == 0) elem.innerHTML = msg1; else elem.innerHTML = msg2;
  }

}

function toggleAllBoxes() {
  if (document.getElementsByTagName) {
    d = document.getElementsByTagName('div');
    for (i = 0; i < d.length; i++) {
      if (d[i].className == 'log') {
        flip(d[i]);
      }
    }
  }
}

// -->
</script>

</head>
<body>
<h2 align='center'>Default test(failed)</h2><table border='1' align="center">
<tr>
<td>Tests passed/Failed/Skipped:</td><td>0/11/0</td>
</tr><tr>
<td>Started on:</td><td>Tue Apr 07 12:54:05 CST 2020</td>
</tr>
<tr><td>Total time:</td><td>8 seconds (8813 ms)</td>
</tr><tr>
<td>Included groups:</td><td></td>
</tr><tr>
<td>Excluded groups:</td><td></td>
</tr>
</table><p/>
<small><i>(Hover the method name to see the test class name)</i></small><p/>
<table width='100%' border='1' class='invocation-failed'>
<tr><td colspan='4' align='center'><b>FAILED TESTS</b></td></tr>
<tr><td><b>Test method</b></td>
<td width="30%"><b>Exception</b></td>
<td width="10%"><b>Time (seconds)</b></td>
<td><b>Instance</b></td>
</tr>
<tr>
<td title='com.wecash.http.cases.user.userGetAllInfo()'><b>userGetAllInfo</b><br>Test class: com.wecash.http.cases.user<br>Test method: 根获取用户信息<br>Parameters: {=, null=null, Comment=用户创建成功, exectResult={
    "resCode": "E0000",
    "resMsg": "成功",
    "successful": 1,
    "data": {
        "userId": 693138433881882624
    }, flag=, requestType=POST, author=JY, serviceEnv=https://user-center-thu.tunaikita.id/user, preDataSQL=, clearDataSQL=, url=/create, expectParamJson=, baseParamJson={
 "requestId":"20200326",
 "tenantId": "1001",
 "tenantUserId":"000111",
 "params":{
        "name":"小明",
        "mobileNo":"18899934567",
        "certNo":"341222199303040000",
        "email":"1234567@126.com"
        }
}, 用例编号=user-0001}</td>
<td><div><pre>com.alibaba.fastjson.JSONException: syntax error, EOF
	at com.alibaba.fastjson.parser.DefaultJSONParser.parseObject(DefaultJSONParser.java:600)
	at com.alibaba.fastjson.parser.DefaultJSONParser.parse(DefaultJSONParser.java:1394)
	at com.alibaba.fastjson.parser.DefaultJSONParser.parse(DefaultJSONParser.java:1360)
	at com.alibaba.fastjson.JSON.parse(JSON.java:165)
	at com.alibaba.fastjson.JSON.parse(JSON.java:175)
	at com.alibaba.fastjson.JSON.parse(JSON.java:144)
	at com.wecash.http.utils.HttpClientUtils.compareJsonAssert(HttpClientUtils.java:426)
	at com.wecash.http.cases.user.userGetAllInfo(user.java:54)
... Removed 25 stack frames</pre></div><a href='#' onClick='toggleBox("stack-trace473053293", this, "Click to show all stack frames", "Click to hide stack frames")'>Click to show all stack frames</a>
<div class='stack-trace' id='stack-trace473053293'><pre>com.alibaba.fastjson.JSONException: syntax error, EOF
	at com.alibaba.fastjson.parser.DefaultJSONParser.parseObject(DefaultJSONParser.java:600)
	at com.alibaba.fastjson.parser.DefaultJSONParser.parse(DefaultJSONParser.java:1394)
	at com.alibaba.fastjson.parser.DefaultJSONParser.parse(DefaultJSONParser.java:1360)
	at com.alibaba.fastjson.JSON.parse(JSON.java:165)
	at com.alibaba.fastjson.JSON.parse(JSON.java:175)
	at com.alibaba.fastjson.JSON.parse(JSON.java:144)
	at com.wecash.http.utils.HttpClientUtils.compareJsonAssert(HttpClientUtils.java:426)
	at com.wecash.http.cases.user.userGetAllInfo(user.java:54)
	at sun.reflect.NativeMethodAccessorImpl.invoke0(Native Method)
	at sun.reflect.NativeMethodAccessorImpl.invoke(Unknown Source)
	at sun.reflect.DelegatingMethodAccessorImpl.invoke(Unknown Source)
	at java.lang.reflect.Method.invoke(Unknown Source)
	at org.testng.internal.MethodInvocationHelper.invokeMethod(MethodInvocationHelper.java:124)
	at org.testng.internal.Invoker.invokeMethod(Invoker.java:583)
	at org.testng.internal.Invoker.invokeTestMethod(Invoker.java:719)
	at org.testng.internal.Invoker.invokeTestMethods(Invoker.java:989)
	at org.testng.internal.TestMethodWorker.invokeTestMethods(TestMethodWorker.java:125)
	at org.testng.internal.TestMethodWorker.run(TestMethodWorker.java:109)
	at org.testng.TestRunner.privateRun(TestRunner.java:648)
	at org.testng.TestRunner.run(TestRunner.java:505)
	at org.testng.SuiteRunner.runTest(SuiteRunner.java:455)
	at org.testng.SuiteRunner.runSequentially(SuiteRunner.java:450)
	at org.testng.SuiteRunner.privateRun(SuiteRunner.java:415)
	at org.testng.SuiteRunner.run(SuiteRunner.java:364)
	at org.testng.SuiteRunnerWorker.runSuite(SuiteRunnerWorker.java:52)
	at org.testng.SuiteRunnerWorker.run(SuiteRunnerWorker.java:84)
	at org.testng.TestNG.runSuitesSequentially(TestNG.java:1208)
	at org.testng.TestNG.runSuitesLocally(TestNG.java:1137)
	at org.testng.TestNG.runSuites(TestNG.java:1049)
	at org.testng.TestNG.run(TestNG.java:1017)
	at org.testng.remote.AbstractRemoteTestNG.run(AbstractRemoteTestNG.java:115)
	at org.testng.remote.RemoteTestNG.initAndRun(RemoteTestNG.java:251)
	at org.testng.remote.RemoteTestNG.main(RemoteTestNG.java:77)
</pre></div></td>
<td>2</td>
<td>com.wecash.http.cases.user@551aa95a</td></tr>
<tr>
<td title='com.wecash.http.cases.user.userGetAllInfo()'><b>userGetAllInfo</b><br>Test class: com.wecash.http.cases.user<br>Test method: 根获取用户信息<br>Parameters: {=, null=null, Comment=非必传--姓名缺少参数, exectResult={
    "resCode": "E0000",
    "resMsg": "成功",
    "successful": 1
}, flag=, requestType=POST, author=JY, serviceEnv=https://user-center-thu.tunaikita.id/user, preDataSQL=, clearDataSQL=, url=/create, expectParamJson=, baseParamJson={
 "requestId":"10017",
 "tenantId": "CONSUME",
 "tenantUserId":"533335",
 "params":{
        "mobileNo":"13566789098",
        "certNo":"123456789098765432",
        "email":"9834567@126.com"
        }
}, 用例编号=user-0010}</td>
<td><div><pre>java.lang.AssertionError: expected [true] but found [false]
	at com.wecash.http.cases.user.userGetAllInfo(user.java:54)
... Removed 29 stack frames</pre></div><a href='#' onClick='toggleBox("stack-trace1305004711", this, "Click to show all stack frames", "Click to hide stack frames")'>Click to show all stack frames</a>
<div class='stack-trace' id='stack-trace1305004711'><pre>java.lang.AssertionError: expected [true] but found [false]
	at org.testng.Assert.fail(Assert.java:96)
	at org.testng.Assert.failNotEquals(Assert.java:776)
	at org.testng.Assert.assertTrue(Assert.java:44)
	at org.testng.Assert.assertTrue(Assert.java:54)
	at com.wecash.http.cases.user.userGetAllInfo(user.java:54)
	at sun.reflect.NativeMethodAccessorImpl.invoke0(Native Method)
	at sun.reflect.NativeMethodAccessorImpl.invoke(Unknown Source)
	at sun.reflect.DelegatingMethodAccessorImpl.invoke(Unknown Source)
	at java.lang.reflect.Method.invoke(Unknown Source)
	at org.testng.internal.MethodInvocationHelper.invokeMethod(MethodInvocationHelper.java:124)
	at org.testng.internal.Invoker.invokeMethod(Invoker.java:583)
	at org.testng.internal.Invoker.invokeTestMethod(Invoker.java:719)
	at org.testng.internal.Invoker.invokeTestMethods(Invoker.java:989)
	at org.testng.internal.TestMethodWorker.invokeTestMethods(TestMethodWorker.java:125)
	at org.testng.internal.TestMethodWorker.run(TestMethodWorker.java:109)
	at org.testng.TestRunner.privateRun(TestRunner.java:648)
	at org.testng.TestRunner.run(TestRunner.java:505)
	at org.testng.SuiteRunner.runTest(SuiteRunner.java:455)
	at org.testng.SuiteRunner.runSequentially(SuiteRunner.java:450)
	at org.testng.SuiteRunner.privateRun(SuiteRunner.java:415)
	at org.testng.SuiteRunner.run(SuiteRunner.java:364)
	at org.testng.SuiteRunnerWorker.runSuite(SuiteRunnerWorker.java:52)
	at org.testng.SuiteRunnerWorker.run(SuiteRunnerWorker.java:84)
	at org.testng.TestNG.runSuitesSequentially(TestNG.java:1208)
	at org.testng.TestNG.runSuitesLocally(TestNG.java:1137)
	at org.testng.TestNG.runSuites(TestNG.java:1049)
	at org.testng.TestNG.run(TestNG.java:1017)
	at org.testng.remote.AbstractRemoteTestNG.run(AbstractRemoteTestNG.java:115)
	at org.testng.remote.RemoteTestNG.initAndRun(RemoteTestNG.java:251)
	at org.testng.remote.RemoteTestNG.main(RemoteTestNG.java:77)
</pre></div></td>
<td>0</td>
<td>com.wecash.http.cases.user@551aa95a</td></tr>
<tr>
<td title='com.wecash.http.cases.user.userGetAllInfo()'><b>userGetAllInfo</b><br>Test class: com.wecash.http.cases.user<br>Test method: 根获取用户信息<br>Parameters: {=, null=null, Comment=非必传--邮箱缺少参数, exectResult={
    "resCode": "E0000",
    "resMsg": "成功",
    "successful": 1
}, flag=, requestType=POST, author=JY, serviceEnv=https://user-center-thu.tunaikita.id/user, preDataSQL=, clearDataSQL=, url=/create, expectParamJson=, baseParamJson={
 "requestId":"10018",
 "tenantId": "1001",
 "tenantUserId":"833334",
 "params":{
        "name":"李",
        "mobileNo":"18966789098",
        "certNo":"543456789098765432"
        }
}, 用例编号=user-0011}</td>
<td><div><pre>java.lang.AssertionError: expected [true] but found [false]
	at com.wecash.http.cases.user.userGetAllInfo(user.java:54)
... Removed 29 stack frames</pre></div><a href='#' onClick='toggleBox("stack-trace923083575", this, "Click to show all stack frames", "Click to hide stack frames")'>Click to show all stack frames</a>
<div class='stack-trace' id='stack-trace923083575'><pre>java.lang.AssertionError: expected [true] but found [false]
	at org.testng.Assert.fail(Assert.java:96)
	at org.testng.Assert.failNotEquals(Assert.java:776)
	at org.testng.Assert.assertTrue(Assert.java:44)
	at org.testng.Assert.assertTrue(Assert.java:54)
	at com.wecash.http.cases.user.userGetAllInfo(user.java:54)
	at sun.reflect.NativeMethodAccessorImpl.invoke0(Native Method)
	at sun.reflect.NativeMethodAccessorImpl.invoke(Unknown Source)
	at sun.reflect.DelegatingMethodAccessorImpl.invoke(Unknown Source)
	at java.lang.reflect.Method.invoke(Unknown Source)
	at org.testng.internal.MethodInvocationHelper.invokeMethod(MethodInvocationHelper.java:124)
	at org.testng.internal.Invoker.invokeMethod(Invoker.java:583)
	at org.testng.internal.Invoker.invokeTestMethod(Invoker.java:719)
	at org.testng.internal.Invoker.invokeTestMethods(Invoker.java:989)
	at org.testng.internal.TestMethodWorker.invokeTestMethods(TestMethodWorker.java:125)
	at org.testng.internal.TestMethodWorker.run(TestMethodWorker.java:109)
	at org.testng.TestRunner.privateRun(TestRunner.java:648)
	at org.testng.TestRunner.run(TestRunner.java:505)
	at org.testng.SuiteRunner.runTest(SuiteRunner.java:455)
	at org.testng.SuiteRunner.runSequentially(SuiteRunner.java:450)
	at org.testng.SuiteRunner.privateRun(SuiteRunner.java:415)
	at org.testng.SuiteRunner.run(SuiteRunner.java:364)
	at org.testng.SuiteRunnerWorker.runSuite(SuiteRunnerWorker.java:52)
	at org.testng.SuiteRunnerWorker.run(SuiteRunnerWorker.java:84)
	at org.testng.TestNG.runSuitesSequentially(TestNG.java:1208)
	at org.testng.TestNG.runSuitesLocally(TestNG.java:1137)
	at org.testng.TestNG.runSuites(TestNG.java:1049)
	at org.testng.TestNG.run(TestNG.java:1017)
	at org.testng.remote.AbstractRemoteTestNG.run(AbstractRemoteTestNG.java:115)
	at org.testng.remote.RemoteTestNG.initAndRun(RemoteTestNG.java:251)
	at org.testng.remote.RemoteTestNG.main(RemoteTestNG.java:77)
</pre></div></td>
<td>0</td>
<td>com.wecash.http.cases.user@551aa95a</td></tr>
<tr>
<td title='com.wecash.http.cases.user.userGetAllInfo()'><b>userGetAllInfo</b><br>Test class: com.wecash.http.cases.user<br>Test method: 根获取用户信息<br>Parameters: {=, null=null, Comment=非必传--组合4选2，3, exectResult={
    "resCode": "E0000",
    "resMsg": "成功",
    "successful": 2
}, flag=, requestType=POST, author=, serviceEnv=https://user-center-thu.tunaikita.id/user, preDataSQL=, clearDataSQL=, url=/create, expectParamJson=, baseParamJson={
 "requestId":"10009",
 "tenantId": "1001",
 "tenantUserId":"833334",
 "params":{
        "name":"",
        "mobileNo":"18966789098",
        "certNo":"543456789098765432",
        "email":""
        }
}, 用例编号=user-0013}</td>
<td><div><pre>java.lang.AssertionError: expected [true] but found [false]
	at com.wecash.http.cases.user.userGetAllInfo(user.java:54)
... Removed 29 stack frames</pre></div><a href='#' onClick='toggleBox("stack-trace1761217448", this, "Click to show all stack frames", "Click to hide stack frames")'>Click to show all stack frames</a>
<div class='stack-trace' id='stack-trace1761217448'><pre>java.lang.AssertionError: expected [true] but found [false]
	at org.testng.Assert.fail(Assert.java:96)
	at org.testng.Assert.failNotEquals(Assert.java:776)
	at org.testng.Assert.assertTrue(Assert.java:44)
	at org.testng.Assert.assertTrue(Assert.java:54)
	at com.wecash.http.cases.user.userGetAllInfo(user.java:54)
	at sun.reflect.NativeMethodAccessorImpl.invoke0(Native Method)
	at sun.reflect.NativeMethodAccessorImpl.invoke(Unknown Source)
	at sun.reflect.DelegatingMethodAccessorImpl.invoke(Unknown Source)
	at java.lang.reflect.Method.invoke(Unknown Source)
	at org.testng.internal.MethodInvocationHelper.invokeMethod(MethodInvocationHelper.java:124)
	at org.testng.internal.Invoker.invokeMethod(Invoker.java:583)
	at org.testng.internal.Invoker.invokeTestMethod(Invoker.java:719)
	at org.testng.internal.Invoker.invokeTestMethods(Invoker.java:989)
	at org.testng.internal.TestMethodWorker.invokeTestMethods(TestMethodWorker.java:125)
	at org.testng.internal.TestMethodWorker.run(TestMethodWorker.java:109)
	at org.testng.TestRunner.privateRun(TestRunner.java:648)
	at org.testng.TestRunner.run(TestRunner.java:505)
	at org.testng.SuiteRunner.runTest(SuiteRunner.java:455)
	at org.testng.SuiteRunner.runSequentially(SuiteRunner.java:450)
	at org.testng.SuiteRunner.privateRun(SuiteRunner.java:415)
	at org.testng.SuiteRunner.run(SuiteRunner.java:364)
	at org.testng.SuiteRunnerWorker.runSuite(SuiteRunnerWorker.java:52)
	at org.testng.SuiteRunnerWorker.run(SuiteRunnerWorker.java:84)
	at org.testng.TestNG.runSuitesSequentially(TestNG.java:1208)
	at org.testng.TestNG.runSuitesLocally(TestNG.java:1137)
	at org.testng.TestNG.runSuites(TestNG.java:1049)
	at org.testng.TestNG.run(TestNG.java:1017)
	at org.testng.remote.AbstractRemoteTestNG.run(AbstractRemoteTestNG.java:115)
	at org.testng.remote.RemoteTestNG.initAndRun(RemoteTestNG.java:251)
	at org.testng.remote.RemoteTestNG.main(RemoteTestNG.java:77)
</pre></div></td>
<td>0</td>
<td>com.wecash.http.cases.user@551aa95a</td></tr>
<tr>
<td title='com.wecash.http.cases.user.userGetAllInfo()'><b>userGetAllInfo</b><br>Test class: com.wecash.http.cases.user<br>Test method: 根获取用户信息<br>Parameters: {=, null=null, Comment=必传参数-requestId为空, exectResult={
    "resCode": "E0001",
    "resMsg": "系统错误",
    "successful": 0,
    "data": 请求唯一id不允许为空}, flag=, requestType=POST, author=, serviceEnv=https://user-center-thu.tunaikita.id/user, preDataSQL=, clearDataSQL=, url=/create, expectParamJson=, baseParamJson={
 "requestId":"",
 "tenantId": "1001",
 "tenantUserId":"833334",
 "params":{
        "name":"李",
        "mobileNo":"18966789098",
        "certNo":"543456789098765432",
        "email":""
        }
}, 用例编号=user-0014}</td>
<td><div><pre>com.alibaba.fastjson.JSONException: syntax error, pos 82, line 5, column 15{
    &quot;resCode&quot;: &quot;E0001&quot;,
    &quot;resMsg&quot;: &quot;系统错误&quot;,
    &quot;successful&quot;: 0,
    &quot;data&quot;: 请求唯一id不允许为空}
	at com.alibaba.fastjson.parser.DefaultJSONParser.parse(DefaultJSONParser.java:1474)
	at com.alibaba.fastjson.parser.DefaultJSONParser.parse(DefaultJSONParser.java:1360)
	at com.alibaba.fastjson.parser.DefaultJSONParser.parseObject(DefaultJSONParser.java:604)
	at com.alibaba.fastjson.parser.DefaultJSONParser.parse(DefaultJSONParser.java:1394)
	at com.alibaba.fastjson.parser.DefaultJSONParser.parse(DefaultJSONParser.java:1360)
	at com.alibaba.fastjson.JSON.parse(JSON.java:165)
	at com.alibaba.fastjson.JSON.parse(JSON.java:175)
	at com.alibaba.fastjson.JSON.parse(JSON.java:144)
	at com.wecash.http.utils.HttpClientUtils.compareJsonAssert(HttpClientUtils.java:426)
	at com.wecash.http.cases.user.userGetAllInfo(user.java:54)
... Removed 25 stack frames</pre></div><a href='#' onClick='toggleBox("stack-trace1528769018", this, "Click to show all stack frames", "Click to hide stack frames")'>Click to show all stack frames</a>
<div class='stack-trace' id='stack-trace1528769018'><pre>com.alibaba.fastjson.JSONException: syntax error, pos 82, line 5, column 15{
    &quot;resCode&quot;: &quot;E0001&quot;,
    &quot;resMsg&quot;: &quot;系统错误&quot;,
    &quot;successful&quot;: 0,
    &quot;data&quot;: 请求唯一id不允许为空}
	at com.alibaba.fastjson.parser.DefaultJSONParser.parse(DefaultJSONParser.java:1474)
	at com.alibaba.fastjson.parser.DefaultJSONParser.parse(DefaultJSONParser.java:1360)
	at com.alibaba.fastjson.parser.DefaultJSONParser.parseObject(DefaultJSONParser.java:604)
	at com.alibaba.fastjson.parser.DefaultJSONParser.parse(DefaultJSONParser.java:1394)
	at com.alibaba.fastjson.parser.DefaultJSONParser.parse(DefaultJSONParser.java:1360)
	at com.alibaba.fastjson.JSON.parse(JSON.java:165)
	at com.alibaba.fastjson.JSON.parse(JSON.java:175)
	at com.alibaba.fastjson.JSON.parse(JSON.java:144)
	at com.wecash.http.utils.HttpClientUtils.compareJsonAssert(HttpClientUtils.java:426)
	at com.wecash.http.cases.user.userGetAllInfo(user.java:54)
	at sun.reflect.NativeMethodAccessorImpl.invoke0(Native Method)
	at sun.reflect.NativeMethodAccessorImpl.invoke(Unknown Source)
	at sun.reflect.DelegatingMethodAccessorImpl.invoke(Unknown Source)
	at java.lang.reflect.Method.invoke(Unknown Source)
	at org.testng.internal.MethodInvocationHelper.invokeMethod(MethodInvocationHelper.java:124)
	at org.testng.internal.Invoker.invokeMethod(Invoker.java:583)
	at org.testng.internal.Invoker.invokeTestMethod(Invoker.java:719)
	at org.testng.internal.Invoker.invokeTestMethods(Invoker.java:989)
	at org.testng.internal.TestMethodWorker.invokeTestMethods(TestMethodWorker.java:125)
	at org.testng.internal.TestMethodWorker.run(TestMethodWorker.java:109)
	at org.testng.TestRunner.privateRun(TestRunner.java:648)
	at org.testng.TestRunner.run(TestRunner.java:505)
	at org.testng.SuiteRunner.runTest(SuiteRunner.java:455)
	at org.testng.SuiteRunner.runSequentially(SuiteRunner.java:450)
	at org.testng.SuiteRunner.privateRun(SuiteRunner.java:415)
	at org.testng.SuiteRunner.run(SuiteRunner.java:364)
	at org.testng.SuiteRunnerWorker.runSuite(SuiteRunnerWorker.java:52)
	at org.testng.SuiteRunnerWorker.run(SuiteRunnerWorker.java:84)
	at org.testng.TestNG.runSuitesSequentially(TestNG.java:1208)
	at org.testng.TestNG.runSuitesLocally(TestNG.java:1137)
	at org.testng.TestNG.runSuites(TestNG.java:1049)
	at org.testng.TestNG.run(TestNG.java:1017)
	at org.testng.remote.AbstractRemoteTestNG.run(AbstractRemoteTestNG.java:115)
	at org.testng.remote.RemoteTestNG.initAndRun(RemoteTestNG.java:251)
	at org.testng.remote.RemoteTestNG.main(RemoteTestNG.java:77)
</pre></div></td>
<td>0</td>
<td>com.wecash.http.cases.user@551aa95a</td></tr>
<tr>
<td title='com.wecash.http.cases.user.userGetAllInfo()'><b>userGetAllInfo</b><br>Test class: com.wecash.http.cases.user<br>Test method: 根获取用户信息<br>Parameters: {=, null=null, Comment=必传参数-tenantId为空, exectResult={
    "resCode": "E0001",
    "resMsg": "系统错误",
    "successful": 0,
    "data": "用户租户号不允许为空"}, flag=, requestType=POST, author=, serviceEnv=https://user-center-thu.tunaikita.id/user, preDataSQL=, clearDataSQL=, url=/create, expectParamJson=, baseParamJson={
 "requestId":"11",
 "tenantId": "",
 "tenantUserId":"833334",
 "params":{
        "name":"李",
        "mobileNo":"18966789098",
        "certNo":"543456789098765432",
        "email":""
        }
}, 用例编号=user-0015}</td>
<td><div><pre>java.lang.AssertionError: expected [true] but found [false]
	at com.wecash.http.cases.user.userGetAllInfo(user.java:54)
... Removed 29 stack frames</pre></div><a href='#' onClick='toggleBox("stack-trace1645624121", this, "Click to show all stack frames", "Click to hide stack frames")'>Click to show all stack frames</a>
<div class='stack-trace' id='stack-trace1645624121'><pre>java.lang.AssertionError: expected [true] but found [false]
	at org.testng.Assert.fail(Assert.java:96)
	at org.testng.Assert.failNotEquals(Assert.java:776)
	at org.testng.Assert.assertTrue(Assert.java:44)
	at org.testng.Assert.assertTrue(Assert.java:54)
	at com.wecash.http.cases.user.userGetAllInfo(user.java:54)
	at sun.reflect.NativeMethodAccessorImpl.invoke0(Native Method)
	at sun.reflect.NativeMethodAccessorImpl.invoke(Unknown Source)
	at sun.reflect.DelegatingMethodAccessorImpl.invoke(Unknown Source)
	at java.lang.reflect.Method.invoke(Unknown Source)
	at org.testng.internal.MethodInvocationHelper.invokeMethod(MethodInvocationHelper.java:124)
	at org.testng.internal.Invoker.invokeMethod(Invoker.java:583)
	at org.testng.internal.Invoker.invokeTestMethod(Invoker.java:719)
	at org.testng.internal.Invoker.invokeTestMethods(Invoker.java:989)
	at org.testng.internal.TestMethodWorker.invokeTestMethods(TestMethodWorker.java:125)
	at org.testng.internal.TestMethodWorker.run(TestMethodWorker.java:109)
	at org.testng.TestRunner.privateRun(TestRunner.java:648)
	at org.testng.TestRunner.run(TestRunner.java:505)
	at org.testng.SuiteRunner.runTest(SuiteRunner.java:455)
	at org.testng.SuiteRunner.runSequentially(SuiteRunner.java:450)
	at org.testng.SuiteRunner.privateRun(SuiteRunner.java:415)
	at org.testng.SuiteRunner.run(SuiteRunner.java:364)
	at org.testng.SuiteRunnerWorker.runSuite(SuiteRunnerWorker.java:52)
	at org.testng.SuiteRunnerWorker.run(SuiteRunnerWorker.java:84)
	at org.testng.TestNG.runSuitesSequentially(TestNG.java:1208)
	at org.testng.TestNG.runSuitesLocally(TestNG.java:1137)
	at org.testng.TestNG.runSuites(TestNG.java:1049)
	at org.testng.TestNG.run(TestNG.java:1017)
	at org.testng.remote.AbstractRemoteTestNG.run(AbstractRemoteTestNG.java:115)
	at org.testng.remote.RemoteTestNG.initAndRun(RemoteTestNG.java:251)
	at org.testng.remote.RemoteTestNG.main(RemoteTestNG.java:77)
</pre></div></td>
<td>0</td>
<td>com.wecash.http.cases.user@551aa95a</td></tr>
<tr>
<td title='com.wecash.http.cases.user.userGetAllInfo()'><b>userGetAllInfo</b><br>Test class: com.wecash.http.cases.user<br>Test method: 根获取用户信息<br>Parameters: {=, null=null, Comment=必传参数-tenantUserId为空, exectResult={
    "resCode": "E0001",
    "resMsg": "系统错误",
    "successful": 0,
    "data": "渠道用户id不允许为空"}, flag=, requestType=POST, author=, serviceEnv=https://user-center-thu.tunaikita.id/user, preDataSQL=, clearDataSQL=, url=/create, expectParamJson=, baseParamJson={
 "requestId":"111",
 "tenantId": "1001",
 "tenantUserId":"",
 "params":{
        "name":"李",
        "mobileNo":"18966789098",
        "certNo":"543456789098765432",
        "email":""
        }
}, 用例编号=user-0016}</td>
<td><div><pre>java.lang.AssertionError: expected [true] but found [false]
	at com.wecash.http.cases.user.userGetAllInfo(user.java:54)
... Removed 29 stack frames</pre></div><a href='#' onClick='toggleBox("stack-trace1372422140", this, "Click to show all stack frames", "Click to hide stack frames")'>Click to show all stack frames</a>
<div class='stack-trace' id='stack-trace1372422140'><pre>java.lang.AssertionError: expected [true] but found [false]
	at org.testng.Assert.fail(Assert.java:96)
	at org.testng.Assert.failNotEquals(Assert.java:776)
	at org.testng.Assert.assertTrue(Assert.java:44)
	at org.testng.Assert.assertTrue(Assert.java:54)
	at com.wecash.http.cases.user.userGetAllInfo(user.java:54)
	at sun.reflect.NativeMethodAccessorImpl.invoke0(Native Method)
	at sun.reflect.NativeMethodAccessorImpl.invoke(Unknown Source)
	at sun.reflect.DelegatingMethodAccessorImpl.invoke(Unknown Source)
	at java.lang.reflect.Method.invoke(Unknown Source)
	at org.testng.internal.MethodInvocationHelper.invokeMethod(MethodInvocationHelper.java:124)
	at org.testng.internal.Invoker.invokeMethod(Invoker.java:583)
	at org.testng.internal.Invoker.invokeTestMethod(Invoker.java:719)
	at org.testng.internal.Invoker.invokeTestMethods(Invoker.java:989)
	at org.testng.internal.TestMethodWorker.invokeTestMethods(TestMethodWorker.java:125)
	at org.testng.internal.TestMethodWorker.run(TestMethodWorker.java:109)
	at org.testng.TestRunner.privateRun(TestRunner.java:648)
	at org.testng.TestRunner.run(TestRunner.java:505)
	at org.testng.SuiteRunner.runTest(SuiteRunner.java:455)
	at org.testng.SuiteRunner.runSequentially(SuiteRunner.java:450)
	at org.testng.SuiteRunner.privateRun(SuiteRunner.java:415)
	at org.testng.SuiteRunner.run(SuiteRunner.java:364)
	at org.testng.SuiteRunnerWorker.runSuite(SuiteRunnerWorker.java:52)
	at org.testng.SuiteRunnerWorker.run(SuiteRunnerWorker.java:84)
	at org.testng.TestNG.runSuitesSequentially(TestNG.java:1208)
	at org.testng.TestNG.runSuitesLocally(TestNG.java:1137)
	at org.testng.TestNG.runSuites(TestNG.java:1049)
	at org.testng.TestNG.run(TestNG.java:1017)
	at org.testng.remote.AbstractRemoteTestNG.run(AbstractRemoteTestNG.java:115)
	at org.testng.remote.RemoteTestNG.initAndRun(RemoteTestNG.java:251)
	at org.testng.remote.RemoteTestNG.main(RemoteTestNG.java:77)
</pre></div></td>
<td>0</td>
<td>com.wecash.http.cases.user@551aa95a</td></tr>
<tr>
<td title='com.wecash.http.cases.user.userGetAllInfo()'><b>userGetAllInfo</b><br>Test class: com.wecash.http.cases.user<br>Test method: 根获取用户信息<br>Parameters: {=, null=null, Comment=必传参数缺失-requestId, exectResult={
    "resCode": "E0001",
    "resMsg": "系统错误",
    "successful": 0,
    "data": 请求唯一id不允许为空}, flag=, requestType=POST, author=, serviceEnv=https://user-center-thu.tunaikita.id/user, preDataSQL=, clearDataSQL=, url=/create, expectParamJson=, baseParamJson={
 "tenantId": "CONSUME",
 "tenantUserId":"833334",
 "params":{
        "name":"李",
        "mobileNo":"18966789098",
        "certNo":"543456789098765432",
        "email":""
        }
}, 用例编号=user-0017}</td>
<td><div><pre>com.alibaba.fastjson.JSONException: syntax error, pos 82, line 5, column 15{
    &quot;resCode&quot;: &quot;E0001&quot;,
    &quot;resMsg&quot;: &quot;系统错误&quot;,
    &quot;successful&quot;: 0,
    &quot;data&quot;: 请求唯一id不允许为空}
	at com.alibaba.fastjson.parser.DefaultJSONParser.parse(DefaultJSONParser.java:1474)
	at com.alibaba.fastjson.parser.DefaultJSONParser.parse(DefaultJSONParser.java:1360)
	at com.alibaba.fastjson.parser.DefaultJSONParser.parseObject(DefaultJSONParser.java:604)
	at com.alibaba.fastjson.parser.DefaultJSONParser.parse(DefaultJSONParser.java:1394)
	at com.alibaba.fastjson.parser.DefaultJSONParser.parse(DefaultJSONParser.java:1360)
	at com.alibaba.fastjson.JSON.parse(JSON.java:165)
	at com.alibaba.fastjson.JSON.parse(JSON.java:175)
	at com.alibaba.fastjson.JSON.parse(JSON.java:144)
	at com.wecash.http.utils.HttpClientUtils.compareJsonAssert(HttpClientUtils.java:426)
	at com.wecash.http.cases.user.userGetAllInfo(user.java:54)
... Removed 25 stack frames</pre></div><a href='#' onClick='toggleBox("stack-trace1060519157", this, "Click to show all stack frames", "Click to hide stack frames")'>Click to show all stack frames</a>
<div class='stack-trace' id='stack-trace1060519157'><pre>com.alibaba.fastjson.JSONException: syntax error, pos 82, line 5, column 15{
    &quot;resCode&quot;: &quot;E0001&quot;,
    &quot;resMsg&quot;: &quot;系统错误&quot;,
    &quot;successful&quot;: 0,
    &quot;data&quot;: 请求唯一id不允许为空}
	at com.alibaba.fastjson.parser.DefaultJSONParser.parse(DefaultJSONParser.java:1474)
	at com.alibaba.fastjson.parser.DefaultJSONParser.parse(DefaultJSONParser.java:1360)
	at com.alibaba.fastjson.parser.DefaultJSONParser.parseObject(DefaultJSONParser.java:604)
	at com.alibaba.fastjson.parser.DefaultJSONParser.parse(DefaultJSONParser.java:1394)
	at com.alibaba.fastjson.parser.DefaultJSONParser.parse(DefaultJSONParser.java:1360)
	at com.alibaba.fastjson.JSON.parse(JSON.java:165)
	at com.alibaba.fastjson.JSON.parse(JSON.java:175)
	at com.alibaba.fastjson.JSON.parse(JSON.java:144)
	at com.wecash.http.utils.HttpClientUtils.compareJsonAssert(HttpClientUtils.java:426)
	at com.wecash.http.cases.user.userGetAllInfo(user.java:54)
	at sun.reflect.NativeMethodAccessorImpl.invoke0(Native Method)
	at sun.reflect.NativeMethodAccessorImpl.invoke(Unknown Source)
	at sun.reflect.DelegatingMethodAccessorImpl.invoke(Unknown Source)
	at java.lang.reflect.Method.invoke(Unknown Source)
	at org.testng.internal.MethodInvocationHelper.invokeMethod(MethodInvocationHelper.java:124)
	at org.testng.internal.Invoker.invokeMethod(Invoker.java:583)
	at org.testng.internal.Invoker.invokeTestMethod(Invoker.java:719)
	at org.testng.internal.Invoker.invokeTestMethods(Invoker.java:989)
	at org.testng.internal.TestMethodWorker.invokeTestMethods(TestMethodWorker.java:125)
	at org.testng.internal.TestMethodWorker.run(TestMethodWorker.java:109)
	at org.testng.TestRunner.privateRun(TestRunner.java:648)
	at org.testng.TestRunner.run(TestRunner.java:505)
	at org.testng.SuiteRunner.runTest(SuiteRunner.java:455)
	at org.testng.SuiteRunner.runSequentially(SuiteRunner.java:450)
	at org.testng.SuiteRunner.privateRun(SuiteRunner.java:415)
	at org.testng.SuiteRunner.run(SuiteRunner.java:364)
	at org.testng.SuiteRunnerWorker.runSuite(SuiteRunnerWorker.java:52)
	at org.testng.SuiteRunnerWorker.run(SuiteRunnerWorker.java:84)
	at org.testng.TestNG.runSuitesSequentially(TestNG.java:1208)
	at org.testng.TestNG.runSuitesLocally(TestNG.java:1137)
	at org.testng.TestNG.runSuites(TestNG.java:1049)
	at org.testng.TestNG.run(TestNG.java:1017)
	at org.testng.remote.AbstractRemoteTestNG.run(AbstractRemoteTestNG.java:115)
	at org.testng.remote.RemoteTestNG.initAndRun(RemoteTestNG.java:251)
	at org.testng.remote.RemoteTestNG.main(RemoteTestNG.java:77)
</pre></div></td>
<td>0</td>
<td>com.wecash.http.cases.user@551aa95a</td></tr>
<tr>
<td title='com.wecash.http.cases.user.userGetAllInfo()'><b>userGetAllInfo</b><br>Test class: com.wecash.http.cases.user<br>Test method: 根获取用户信息<br>Parameters: {=, null=null, Comment=必传参数缺失-tenantId, exectResult={
    "resCode": "E0001",
    "resMsg": "系统错误",
    "successful": 0,
    "data": "tenant id cannot be null"}, flag=, requestType=POST, author=, serviceEnv=https://user-center-thu.tunaikita.id/user, preDataSQL=, clearDataSQL=, url=/create, expectParamJson=, baseParamJson={
 "requestId":"20200326",
 "tenantUserId":"000111",
 "params":{
        "name":"小明",
        "mobileNo":"18899934567",
        "certNo":"341222199303040000",
        "email":"1234567@126.com"
        }
}, 用例编号=user-0018}</td>
<td><div><pre>java.lang.AssertionError: expected [true] but found [false]
	at com.wecash.http.cases.user.userGetAllInfo(user.java:54)
... Removed 29 stack frames</pre></div><a href='#' onClick='toggleBox("stack-trace955611965", this, "Click to show all stack frames", "Click to hide stack frames")'>Click to show all stack frames</a>
<div class='stack-trace' id='stack-trace955611965'><pre>java.lang.AssertionError: expected [true] but found [false]
	at org.testng.Assert.fail(Assert.java:96)
	at org.testng.Assert.failNotEquals(Assert.java:776)
	at org.testng.Assert.assertTrue(Assert.java:44)
	at org.testng.Assert.assertTrue(Assert.java:54)
	at com.wecash.http.cases.user.userGetAllInfo(user.java:54)
	at sun.reflect.NativeMethodAccessorImpl.invoke0(Native Method)
	at sun.reflect.NativeMethodAccessorImpl.invoke(Unknown Source)
	at sun.reflect.DelegatingMethodAccessorImpl.invoke(Unknown Source)
	at java.lang.reflect.Method.invoke(Unknown Source)
	at org.testng.internal.MethodInvocationHelper.invokeMethod(MethodInvocationHelper.java:124)
	at org.testng.internal.Invoker.invokeMethod(Invoker.java:583)
	at org.testng.internal.Invoker.invokeTestMethod(Invoker.java:719)
	at org.testng.internal.Invoker.invokeTestMethods(Invoker.java:989)
	at org.testng.internal.TestMethodWorker.invokeTestMethods(TestMethodWorker.java:125)
	at org.testng.internal.TestMethodWorker.run(TestMethodWorker.java:109)
	at org.testng.TestRunner.privateRun(TestRunner.java:648)
	at org.testng.TestRunner.run(TestRunner.java:505)
	at org.testng.SuiteRunner.runTest(SuiteRunner.java:455)
	at org.testng.SuiteRunner.runSequentially(SuiteRunner.java:450)
	at org.testng.SuiteRunner.privateRun(SuiteRunner.java:415)
	at org.testng.SuiteRunner.run(SuiteRunner.java:364)
	at org.testng.SuiteRunnerWorker.runSuite(SuiteRunnerWorker.java:52)
	at org.testng.SuiteRunnerWorker.run(SuiteRunnerWorker.java:84)
	at org.testng.TestNG.runSuitesSequentially(TestNG.java:1208)
	at org.testng.TestNG.runSuitesLocally(TestNG.java:1137)
	at org.testng.TestNG.runSuites(TestNG.java:1049)
	at org.testng.TestNG.run(TestNG.java:1017)
	at org.testng.remote.AbstractRemoteTestNG.run(AbstractRemoteTestNG.java:115)
	at org.testng.remote.RemoteTestNG.initAndRun(RemoteTestNG.java:251)
	at org.testng.remote.RemoteTestNG.main(RemoteTestNG.java:77)
</pre></div></td>
<td>0</td>
<td>com.wecash.http.cases.user@551aa95a</td></tr>
<tr>
<td title='com.wecash.http.cases.user.userGetAllInfo()'><b>userGetAllInfo</b><br>Test class: com.wecash.http.cases.user<br>Test method: 根获取用户信息<br>Parameters: {=, null=null, Comment=必传参数缺失-tenantUserId, exectResult={
    "resCode": "E0001",
    "resMsg": "系统错误",
    "successful": 0,
    "data": "渠道用户id不允许为空"}, flag=, requestType=POST, author=, serviceEnv=https://user-center-thu.tunaikita.id/user, preDataSQL=, clearDataSQL=, url=/create, expectParamJson=, baseParamJson={
 "requestId":"20200326",
 "tenantId": "1001",
 "params":{
        "name":"小明",
        "mobileNo":"18899934567",
        "certNo":"341222199303040000",
        "email":"1234567@126.com"
        }
}, 用例编号=user-0019}</td>
<td><div><pre>java.lang.AssertionError: expected [true] but found [false]
	at com.wecash.http.cases.user.userGetAllInfo(user.java:54)
... Removed 29 stack frames</pre></div><a href='#' onClick='toggleBox("stack-trace976358110", this, "Click to show all stack frames", "Click to hide stack frames")'>Click to show all stack frames</a>
<div class='stack-trace' id='stack-trace976358110'><pre>java.lang.AssertionError: expected [true] but found [false]
	at org.testng.Assert.fail(Assert.java:96)
	at org.testng.Assert.failNotEquals(Assert.java:776)
	at org.testng.Assert.assertTrue(Assert.java:44)
	at org.testng.Assert.assertTrue(Assert.java:54)
	at com.wecash.http.cases.user.userGetAllInfo(user.java:54)
	at sun.reflect.NativeMethodAccessorImpl.invoke0(Native Method)
	at sun.reflect.NativeMethodAccessorImpl.invoke(Unknown Source)
	at sun.reflect.DelegatingMethodAccessorImpl.invoke(Unknown Source)
	at java.lang.reflect.Method.invoke(Unknown Source)
	at org.testng.internal.MethodInvocationHelper.invokeMethod(MethodInvocationHelper.java:124)
	at org.testng.internal.Invoker.invokeMethod(Invoker.java:583)
	at org.testng.internal.Invoker.invokeTestMethod(Invoker.java:719)
	at org.testng.internal.Invoker.invokeTestMethods(Invoker.java:989)
	at org.testng.internal.TestMethodWorker.invokeTestMethods(TestMethodWorker.java:125)
	at org.testng.internal.TestMethodWorker.run(TestMethodWorker.java:109)
	at org.testng.TestRunner.privateRun(TestRunner.java:648)
	at org.testng.TestRunner.run(TestRunner.java:505)
	at org.testng.SuiteRunner.runTest(SuiteRunner.java:455)
	at org.testng.SuiteRunner.runSequentially(SuiteRunner.java:450)
	at org.testng.SuiteRunner.privateRun(SuiteRunner.java:415)
	at org.testng.SuiteRunner.run(SuiteRunner.java:364)
	at org.testng.SuiteRunnerWorker.runSuite(SuiteRunnerWorker.java:52)
	at org.testng.SuiteRunnerWorker.run(SuiteRunnerWorker.java:84)
	at org.testng.TestNG.runSuitesSequentially(TestNG.java:1208)
	at org.testng.TestNG.runSuitesLocally(TestNG.java:1137)
	at org.testng.TestNG.runSuites(TestNG.java:1049)
	at org.testng.TestNG.run(TestNG.java:1017)
	at org.testng.remote.AbstractRemoteTestNG.run(AbstractRemoteTestNG.java:115)
	at org.testng.remote.RemoteTestNG.initAndRun(RemoteTestNG.java:251)
	at org.testng.remote.RemoteTestNG.main(RemoteTestNG.java:77)
</pre></div></td>
<td>0</td>
<td>com.wecash.http.cases.user@551aa95a</td></tr>
<tr>
<td title='com.wecash.http.cases.user.userGetAllInfo()'><b>userGetAllInfo</b><br>Test class: com.wecash.http.cases.user<br>Test method: 根获取用户信息<br>Parameters: {=, null=null, Comment=必传参数缺失-params, exectResult={
    "resCode": "E0001",
    "resMsg": "系统错误",
    "successful": 0,
    "data": "用户信息参数不允许为空"}, flag=, requestType=POST, author=, serviceEnv=https://user-center-thu.tunaikita.id/user, preDataSQL=, clearDataSQL=, url=/create, expectParamJson=, baseParamJson={
 "requestId":"20200326",
 "tenantId": "1001",
 "tenantUserId":"000111"
}, 用例编号=user-0020}</td>
<td><div><pre>java.lang.AssertionError: expected [true] but found [false]
	at com.wecash.http.cases.user.userGetAllInfo(user.java:54)
... Removed 29 stack frames</pre></div><a href='#' onClick='toggleBox("stack-trace479734028", this, "Click to show all stack frames", "Click to hide stack frames")'>Click to show all stack frames</a>
<div class='stack-trace' id='stack-trace479734028'><pre>java.lang.AssertionError: expected [true] but found [false]
	at org.testng.Assert.fail(Assert.java:96)
	at org.testng.Assert.failNotEquals(Assert.java:776)
	at org.testng.Assert.assertTrue(Assert.java:44)
	at org.testng.Assert.assertTrue(Assert.java:54)
	at com.wecash.http.cases.user.userGetAllInfo(user.java:54)
	at sun.reflect.NativeMethodAccessorImpl.invoke0(Native Method)
	at sun.reflect.NativeMethodAccessorImpl.invoke(Unknown Source)
	at sun.reflect.DelegatingMethodAccessorImpl.invoke(Unknown Source)
	at java.lang.reflect.Method.invoke(Unknown Source)
	at org.testng.internal.MethodInvocationHelper.invokeMethod(MethodInvocationHelper.java:124)
	at org.testng.internal.Invoker.invokeMethod(Invoker.java:583)
	at org.testng.internal.Invoker.invokeTestMethod(Invoker.java:719)
	at org.testng.internal.Invoker.invokeTestMethods(Invoker.java:989)
	at org.testng.internal.TestMethodWorker.invokeTestMethods(TestMethodWorker.java:125)
	at org.testng.internal.TestMethodWorker.run(TestMethodWorker.java:109)
	at org.testng.TestRunner.privateRun(TestRunner.java:648)
	at org.testng.TestRunner.run(TestRunner.java:505)
	at org.testng.SuiteRunner.runTest(SuiteRunner.java:455)
	at org.testng.SuiteRunner.runSequentially(SuiteRunner.java:450)
	at org.testng.SuiteRunner.privateRun(SuiteRunner.java:415)
	at org.testng.SuiteRunner.run(SuiteRunner.java:364)
	at org.testng.SuiteRunnerWorker.runSuite(SuiteRunnerWorker.java:52)
	at org.testng.SuiteRunnerWorker.run(SuiteRunnerWorker.java:84)
	at org.testng.TestNG.runSuitesSequentially(TestNG.java:1208)
	at org.testng.TestNG.runSuitesLocally(TestNG.java:1137)
	at org.testng.TestNG.runSuites(TestNG.java:1049)
	at org.testng.TestNG.run(TestNG.java:1017)
	at org.testng.remote.AbstractRemoteTestNG.run(AbstractRemoteTestNG.java:115)
	at org.testng.remote.RemoteTestNG.initAndRun(RemoteTestNG.java:251)
	at org.testng.remote.RemoteTestNG.main(RemoteTestNG.java:77)
</pre></div></td>
<td>0</td>
<td>com.wecash.http.cases.user@551aa95a</td></tr>
</table><p>
</body>
</html>